#
# A fatal error has been detected by the Java Runtime Environment:
#
#  EXCEPTION_STACK_OVERFLOW (0xc00000fd) at pc=0x0000000058343ed7, pid=269668, tid=0x0000000000095708
#
# JRE version: Java(TM) SE Runtime Environment (8.0_144-b01) (build 1.8.0_144-b01)
# Java VM: Java HotSpot(TM) 64-Bit Server VM (25.144-b01 mixed mode windows-amd64 compressed oops)
# Problematic frame:
# V  [jvm.dll+0x213ed7]
#
# Failed to write core dump. Minidumps are not enabled by default on client versions of Windows
#
# If you would like to submit a bug report, please visit:
#   http://bugreport.java.com/bugreport/crash.jsp
#

---------------  T H R E A D  ---------------

Current thread (0x0000001408fa2000):  JavaThread "Thread-150909" [_thread_in_vm, id=612104, stack(0x00000026f6a00000,0x00000026f6b00000)]

siginfo: ExceptionCode=0xc00000fd, ExceptionInformation=0x0000000000000001 0x00000026f6afa590 

Registers:
RAX=0x00000026f6afa590, RBX=0x0000000000000006, RCX=0x0000000000005000, RDX=0x0000000000000006
RSP=0x00000026f6aff590, RBP=0x0000000000000000, RSI=0x00000026f6aff590, RDI=0x0000000000000006
R8 =0x0000000000000006, R9 =0x000000140810bbf0, R10=0x000000001496b8e0, R11=0x00000026f6a0a148
R12=0x000000140810bbf0, R13=0x0000001408fa2000, R14=0x00000026f6aff658, R15=0x000000001496b8e0
RIP=0x0000000058343ed7, EFLAGS=0x0000000000010206

Top of Stack: (sp=0x00000026f6aff590)
0x00000026f6aff590:   00000013fb5fd3c0 00000000591f4e7e
0x00000026f6aff5a0:   0000001408fa2000 000000140810bbf0
0x00000026f6aff5b0:   00000000ffffffff 0000000058344e07
0x00000026f6aff5c0:   00000026f6aff6c0 000000001496b8e0
0x00000026f6aff5d0:   0000001408fa2000 00000000581f0a63
0x00000026f6aff5e0:   00000026f6aff620 0000001408fa2000
0x00000026f6aff5f0:   00000026f6aff6b0 0000001408fa2000
0x00000026f6aff600:   000000001496b8e0 0000001408fa2000
0x00000026f6aff610:   0000000002856e60 0000001408fa2000
0x00000026f6aff620:   000000001496b8e0 0000001408fa2000
0x00000026f6aff630:   000000001496b8e0 0000001408fa2000
0x00000026f6aff640:   0000000000000001 000000001496b8e0
0x00000026f6aff650:   0000001408fa2000 00000013f526b590
0x00000026f6aff660:   0000001408fa2000 00000000581f210d
0x00000026f6aff670:   00000026f6aff978 00000001000069a0
0x00000026f6aff680:   00000001000069a0 00000000009f02b0 

Instructions: (pc=0x0000000058343ed7)
0x0000000058343eb7:   48 89 6c 24 30 33 ed 66 90 e8 8b 3b 08 00 ff c3
0x0000000058343ec7:   48 63 c8 48 8b c6 48 0f af cf 48 ff c7 48 2b c1
0x0000000058343ed7:   89 28 48 63 c3 48 3b 05 f5 37 59 00 7e db 48 8b
0x0000000058343ee7:   6c 24 30 48 8b 5c 24 38 48 8b 74 24 40 48 83 c4 


Register to memory mapping:

RAX=0x00000026f6afa590 is pointing into the stack for thread: 0x0000001408fa2000
RBX=